[debug] [2020-08-20T09:46:52.749Z] ----------------------------------------------------------------------
[debug] [2020-08-20T09:46:52.752Z] Command:       C:\Program Files\nodejs\node.exe C:\Users\CoNFiG\AppData\Roaming\npm\node_modules\firebase-tools\lib\bin\firebase.js deploy --only hosting:whatsapp-8e6e5
[debug] [2020-08-20T09:46:52.753Z] CLI Version:   8.7.0
[debug] [2020-08-20T09:46:52.753Z] Platform:      win32
[debug] [2020-08-20T09:46:52.753Z] Node Version:  v14.2.0
[debug] [2020-08-20T09:46:52.755Z] Time:          Thu Aug 20 2020 15:16:52 GMT+0530 (India Standard Time)
[debug] [2020-08-20T09:46:52.755Z] ----------------------------------------------------------------------
[debug] [2020-08-20T09:46:52.755Z] 
[debug] [2020-08-20T09:46:52.770Z] > command requires scopes: ["email","openid","https://www.googleapis.com/auth/cloudplatformprojects.readonly","https://www.googleapis.com/auth/firebase","https://www.googleapis.com/auth/cloud-platform"]
[debug] [2020-08-20T09:46:52.771Z] > authorizing via signed-in user
[debug] [2020-08-20T09:46:52.771Z] [iam] checking project whatapp-ab6bd for permissions ["firebase.projects.get","firebasehosting.sites.update"]
[debug] [2020-08-20T09:46:52.776Z] >>> HTTP REQUEST POST https://cloudresourcemanager.googleapis.com/v1/projects/whatapp-ab6bd:testIamPermissions  
 {"permissions":["firebase.projects.get","firebasehosting.sites.update"]}
[debug] [2020-08-20T09:46:54.347Z] <<< HTTP RESPONSE 200 {"content-type":"application/json; charset=UTF-8","vary":"X-Origin, Referer, Origin,Accept-Encoding","date":"Thu, 20 Aug 2020 09:46:53 GMT","server":"ESF","cache-control":"private","x-xss-protection":"0","x-frame-options":"SAMEORIGIN","x-content-type-options":"nosniff","server-timing":"gfet4t7; dur=1298","alt-svc":"h3-29=\":443\"; ma=2592000,h3-27=\":443\"; ma=2592000,h3-T050=\":443\"; ma=2592000,h3-Q050=\":443\"; ma=2592000,h3-Q046=\":443\"; ma=2592000,h3-Q043=\":443\"; ma=2592000,quic=\":443\"; ma=2592000; v=\"46,43\"","accept-ranges":"none","transfer-encoding":"chunked"}
[debug] [2020-08-20T09:46:54.350Z] >>> HTTP REQUEST GET https://firebase.googleapis.com/v1beta1/projects/whatapp-ab6bd  
 
[debug] [2020-08-20T09:46:54.915Z] <<< HTTP RESPONSE 200 {"content-type":"application/json; charset=UTF-8","vary":"X-Origin, Referer, Origin,Accept-Encoding","date":"Thu, 20 Aug 2020 09:46:53 GMT","server":"ESF","cache-control":"private","x-xss-protection":"0","x-frame-options":"SAMEORIGIN","x-content-type-options":"nosniff","alt-svc":"h3-29=\":443\"; ma=2592000,h3-27=\":443\"; ma=2592000,h3-T050=\":443\"; ma=2592000,h3-Q050=\":443\"; ma=2592000,h3-Q046=\":443\"; ma=2592000,h3-Q043=\":443\"; ma=2592000,quic=\":443\"; ma=2592000; v=\"46,43\"","accept-ranges":"none","transfer-encoding":"chunked"}
[info] 
[info] === Deploying to 'whatapp-ab6bd'...
[info] 
[info] i  deploying hosting 
[info] 
[info] +  Deploy complete! 
[info] 
[info] Project Console: https://console.firebase.google.com/project/whatapp-ab6bd/overview
[debug] [2020-08-20T09:46:55.488Z] TypeError: Cannot read property 'deploys' of undefined
    at C:\Users\CoNFiG\AppData\Roaming\npm\node_modules\firebase-tools\lib\deploy\index.js:84:36
    at processTicksAndRejections (internal/process/task_queues.js:97:5)
[error] 
[error] Error: An unexpected error has occurred.
